<?xml version="1.0" encoding="UTF-8"?>
<!-- Generated by org.testng.reporters.JUnitReportReporter -->
<testsuite skipped="1" hostname="LAPTOP-S1G3PV2R" name="com.learnautomation.testcases.LoginTest" tests="1" failures="0" timestamp="2022-01-13T16:25:55 IST" time="0.000" errors="0">
  <testcase name="login" time="0.000" classname="com.learnautomation.testcases.LoginTest">
    <skipped/>
  </testcase> <!-- login -->
  <system-out/>
</testsuite> <!-- com.learnautomation.testcases.LoginTest -->
