<?xml version="1.0" encoding="UTF-8"?>
<!-- Generated by org.testng.reporters.JUnitReportReporter -->
<testsuite skipped="0" hostname="LAPTOP-S1G3PV2R" name="com.learnautomation.testing.SeleniumGridDemo" tests="1" failures="0" timestamp="2022-01-20T18:00:02 IST" time="11.128" errors="0">
  <testcase name="testOnWin11ChromeLatest" time="11.128" classname="com.learnautomation.testing.SeleniumGridDemo"/>
  <system-out/>
</testsuite> <!-- com.learnautomation.testing.SeleniumGridDemo -->
