<?xml version="1.0" encoding="UTF-8"?>
<!-- Generated by org.testng.reporters.JUnitReportReporter -->
<testsuite skipped="0" hostname="LAPTOP-S1G3PV2R" name="com.learnautomation.testing.SeleniumGridDemo3" tests="1" failures="0" timestamp="2022-01-20T18:03:39 IST" time="15.596" errors="0">
  <testcase name="testOnWin11ChromeLatest" time="15.596" classname="com.learnautomation.testing.SeleniumGridDemo3"/>
  <system-out/>
</testsuite> <!-- com.learnautomation.testing.SeleniumGridDemo3 -->
