<?xml version="1.0" encoding="UTF-8"?>
<!-- Generated by org.testng.reporters.JUnitReportReporter -->
<testsuite skipped="0" hostname="LAPTOP-S1G3PV2R" name="com.learnautomation.testing.SeleniumGridDemo2" tests="1" failures="0" timestamp="2022-01-20T20:57:38 IST" time="15.026" errors="0">
  <testcase name="testOnWin11ChromeLatest" time="15.026" classname="com.learnautomation.testing.SeleniumGridDemo2"/>
  <system-out/>
</testsuite> <!-- com.learnautomation.testing.SeleniumGridDemo2 -->
