<?xml version="1.0" encoding="UTF-8"?>
<!-- Generated by org.testng.reporters.JUnitReportReporter -->
<testsuite skipped="0" hostname="LAPTOP-S1G3PV2R" name="com.learnautomation.testcases.LoginTestWithPOM" tests="1" failures="0" timestamp="2022-01-13T18:44:30 IST" time="5.608" errors="0">
  <testcase name="login" time="5.608" classname="com.learnautomation.testcases.LoginTestWithPOM"/>
  <system-out/>
</testsuite> <!-- com.learnautomation.testcases.LoginTestWithPOM -->
